04:27:25 **** Incremental Build of configuration Debug for project PWM ****
make -j4 all 
arm-none-eabi-gcc "../Core/Src/main.c" -mcpu=cortex-m3 -std=gnu11 -g3 -DDEBUG -DUSE_HAL_DRIVER -DSTM32F103x6 -c -I../Core/Inc -I../Drivers/STM32F1xx_HAL_Driver/Inc/Legacy -I../Drivers/STM32F1xx_HAL_Driver/Inc -I../Drivers/CMSIS/Device/ST/STM32F1xx/Include -I../Drivers/CMSIS/Include -O0 -ffunction-sections -fdata-sections -Wall -fstack-usage -fcyclomatic-complexity -MMD -MP -MF"Core/Src/main.d" -MT"Core/Src/main.o" --specs=nano.specs -mfloat-abi=soft -mthumb -o "Core/Src/main.o"
../Core/Src/main.c: In function 'main':
../Core/Src/main.c:96:3: warning: implicit declaration of function 'HAL_TIME_PWMN_Start'; did you mean 'HAL_TIMEx_PWMN_Start'? [-Wimplicit-function-declaration]
   96 |   HAL_TIME_PWMN_Start(&htim1, TIM_CHANNEL_2);
      |   ^~~~~~~~~~~~~~~~~~~
      |   HAL_TIMEx_PWMN_Start
arm-none-eabi-gcc -o "PWM.elf" @"objects.list"   -mcpu=cortex-m3 -T"D:\Usuarios\martin\documents\STM_pruebas\PWM\STM32F103C6TX_FLASH.ld" --specs=nosys.specs -Wl,-Map="PWM.map" -Wl,--gc-sections -static --specs=nano.specs -mfloat-abi=soft -mthumb -Wl,--start-group -lc -lm -Wl,--end-group
C:/ST/STM32CubeIDE_1.14.0/STM32CubeIDE/plugins/com.st.stm32cube.ide.mcu.externaltools.gnu-tools-for-stm32.11.3.rel1.win32_1.1.100.202309141235/tools/bin/../lib/gcc/arm-none-eabi/11.3.1/../../../../arm-none-eabi/bin/ld.exe: ./Core/Src/main.o: in function `main':
D:/Usuarios/martin/documents/STM_pruebas/PWM/Debug/../Core/Src/main.c:96: undefined reference to `HAL_TIME_PWMN_Start'
collect2.exe: error: ld returned 1 exit status
make: *** [makefile:67: PWM.elf] Error 1
"make -j4 all" terminated with exit code 2. Build might be incomplete.

04:27:26 Build Failed. 2 errors, 1 warnings. (took 908ms)

